Using pre-set license
Built from '2020.2/staging' branch; Version is '2020.2.0b8 (dff91d65251a) revision 14678301'; Using compiler version '192528614'; Build Type 'Release'
OS: 'Windows 10  (10.0.0) 64bit' Language: 'es' Physical Memory: 32715 MB
BatchMode: 1, IsHumanControllingUs: 0, StartBugReporterOnCrash: 0, Is64bit: 1, IsPro: 0

 COMMAND LINE ARGUMENTS:
C:\Program Files\Unity2020\2020.2.0b8\Editor\Unity.exe
-adb2
-batchMode
-noUpm
-name
AssetImportWorker0
-projectPath
D:/UnityAdsSupport/GitUnityAssessment/UnityAssessment_3
-logFile
Logs/AssetImportWorker0.log
-srvPort
58093
Successfully changed project path to: D:/UnityAdsSupport/GitUnityAssessment/UnityAssessment_3
D:/UnityAdsSupport/GitUnityAssessment/UnityAssessment_3
Using Asset Import Pipeline V2.
Refreshing native plugins compatible for Editor in 40.34 ms, found 0 plugins.
Preloading 0 native plugins for Editor in 0.00 ms.
Initialize engine version: 2020.2.0b8 (dff91d65251a)
[Subsystems] Discovering subsystems at path C:/Program Files/Unity2020/2020.2.0b8/Editor/Data/Resources/UnitySubsystems
[Subsystems] Discovering subsystems at path D:/UnityAdsSupport/GitUnityAssessment/UnityAssessment_3/Assets
GfxDevice: creating device client; threaded=0
Direct3D:
    Version:  Direct3D 11.0 [level 11.1]
    Renderer: NVIDIA GeForce GTX 1060 3GB (ID=0x1c02)
    Vendor:   
    VRAM:     2988 MB
    Driver:   27.21.14.5671
Initialize mono
Mono path[0] = 'C:/Program Files/Unity2020/2020.2.0b8/Editor/Data/Managed'
Mono path[1] = 'C:/Program Files/Unity2020/2020.2.0b8/Editor/Data/MonoBleedingEdge/lib/mono/unityjit'
Mono config path = 'C:/Program Files/Unity2020/2020.2.0b8/Editor/Data/MonoBleedingEdge/etc'
Using monoOptions --debugger-agent=transport=dt_socket,embedding=1,server=y,suspend=n,address=127.0.0.1:56024
Begin MonoManager ReloadAssembly
Registering precompiled unity dll's ...
Register platform support module: C:/Program Files/Unity2020/2020.2.0b8/Editor/Data/PlaybackEngines/WebGLSupport/UnityEditor.WebGL.Extensions.dll
Register platform support module: C:/Program Files/Unity2020/2020.2.0b8/Editor/Data/PlaybackEngines/WindowsStandaloneSupport/UnityEditor.WindowsStandalone.Extensions.dll
Registered in 0.002295 seconds.
Native extension for WindowsStandalone target not found
Native extension for WebGL target not found
Refreshing native plugins compatible for Editor in 26.08 ms, found 0 plugins.
Preloading 0 native plugins for Editor in 0.00 ms.
Invoked RoslynAnalysisRunner static constructor.
RoslynAnalysisRunner will not be running.
RoslynAnalysisRunner has terminated.
Mono: successfully reloaded assembly
- Completed reload, in  1.921 seconds
Platform modules already initialized, skipping
Registering precompiled user dll's ...
Registered in 0.002591 seconds.
Begin MonoManager ReloadAssembly
Symbol file LoadedFromMemory doesn't match image D:\UnityAdsSupport\GitUnityAssessment\UnityAssessment_3\Library\PackageCache\com.unity.ext.nunit@1.0.0\net35\unity-custom\nunit.framework.dll
Native extension for WindowsStandalone target not found
Native extension for WebGL target not found
Refreshing native plugins compatible for Editor in 0.62 ms, found 0 plugins.
Preloading 0 native plugins for Editor in 0.00 ms.
Invoked RoslynAnalysisRunner static constructor.
RoslynAnalysisRunner will not be running.
RoslynAnalysisRunner has terminated.
Mono: successfully reloaded assembly
- Completed reload, in  0.976 seconds
Platform modules already initialized, skipping
========================================================================
Worker process is ready to serve import requests
Launched and connected shader compiler UnityShaderCompiler.exe after 0.05 seconds
Refreshing native plugins compatible for Editor in 0.97 ms, found 0 plugins.
Preloading 0 native plugins for Editor in 0.00 ms.
Unloading 1229 Unused Serialized files (Serialized files now loaded: 0)
System memory in use before: 62.6 MB.
System memory in use after: 62.6 MB.

Unloading 81 unused Assets to reduce memory usage. Loaded Objects now: 1605.
Total: 3.232800 ms (FindLiveObjects: 0.610300 ms CreateObjectMapping: 0.199500 ms MarkObjects: 2.338600 ms  DeleteObjects: 0.083000 ms)

========================================================================
Received Import Request.
  path: Assets/AndresFiles/Scripts/Controllers/InterstitialAd.cs
  artifactKey: Guid(2b8368b9558559149a59b9faeda383d2) Importer(815301076,1909f56bfc062723c751e8b465ee728b)
Start importing Assets/AndresFiles/Scripts/Controllers/InterstitialAd.cs using Guid(2b8368b9558559149a59b9faeda383d2) Importer(815301076,1909f56bfc062723c751e8b465ee728b)  -> (artifact id: 'e1d2296e35a4f376d948f10bb84779e4') in 0.047188 seconds
  Import took 0.049622 seconds .

========================================================================
Received Prepare
Refreshing native plugins compatible for Editor in 23.51 ms, found 0 plugins.
Preloading 0 native plugins for Editor in 0.00 ms.
Unloading 74 Unused Serialized files (Serialized files now loaded: 0)
System memory in use before: 39.0 MB.
System memory in use after: 39.1 MB.

Unloading 74 unused Assets to reduce memory usage. Loaded Objects now: 1605.
Total: 2.478800 ms (FindLiveObjects: 0.391500 ms CreateObjectMapping: 0.093700 ms MarkObjects: 1.915300 ms  DeleteObjects: 0.077000 ms)

========================================================================
Received Prepare
Reloading mono domain
Begin MonoManager ReloadAssembly
Registering precompiled unity dll's ...
Register platform support module: C:/Program Files/Unity2020/2020.2.0b8/Editor/Data/PlaybackEngines/WebGLSupport/UnityEditor.WebGL.Extensions.dll
Register platform support module: C:/Program Files/Unity2020/2020.2.0b8/Editor/Data/PlaybackEngines/WindowsStandaloneSupport/UnityEditor.WindowsStandalone.Extensions.dll
Registered in 0.002168 seconds.
Symbol file LoadedFromMemory doesn't match image D:\UnityAdsSupport\GitUnityAssessment\UnityAssessment_3\Library\PackageCache\com.unity.ext.nunit@1.0.0\net35\unity-custom\nunit.framework.dll
Native extension for WindowsStandalone target not found
Native extension for WebGL target not found
Refreshing native plugins compatible for Editor in 35.57 ms, found 0 plugins.
Preloading 0 native plugins for Editor in 0.00 ms.
Invoked RoslynAnalysisRunner static constructor.
RoslynAnalysisRunner will not be running.
RoslynAnalysisRunner has terminated.
Mono: successfully reloaded assembly
- Completed reload, in  0.843 seconds
Platform modules already initialized, skipping
Registering precompiled user dll's ...
Registered in 0.002661 seconds.
Begin MonoManager ReloadAssembly
Symbol file LoadedFromMemory doesn't match image D:\UnityAdsSupport\GitUnityAssessment\UnityAssessment_3\Library\PackageCache\com.unity.ext.nunit@1.0.0\net35\unity-custom\nunit.framework.dll
Native extension for WindowsStandalone target not found
Native extension for WebGL target not found
Refreshing native plugins compatible for Editor in 0.59 ms, found 0 plugins.
Preloading 0 native plugins for Editor in 0.00 ms.
Invoked RoslynAnalysisRunner static constructor.
RoslynAnalysisRunner will not be running.
RoslynAnalysisRunner has terminated.
Mono: successfully reloaded assembly
- Completed reload, in  0.760 seconds
Platform modules already initialized, skipping
Refreshing native plugins compatible for Editor in 0.62 ms, found 0 plugins.
Preloading 0 native plugins for Editor in 0.00 ms.
Unloading 80 Unused Serialized files (Serialized files now loaded: 0)
System memory in use before: 39.2 MB.
System memory in use after: 39.3 MB.

Unloading 76 unused Assets to reduce memory usage. Loaded Objects now: 1609.
Total: 1.716900 ms (FindLiveObjects: 0.284100 ms CreateObjectMapping: 0.047600 ms MarkObjects: 1.298000 ms  DeleteObjects: 0.086400 ms)

========================================================================
Received Prepare
Refreshing native plugins compatible for Editor in 16.33 ms, found 0 plugins.
Preloading 0 native plugins for Editor in 0.00 ms.
Unloading 77 Unused Serialized files (Serialized files now loaded: 0)
System memory in use before: 39.4 MB.
System memory in use after: 39.5 MB.

Unloading 74 unused Assets to reduce memory usage. Loaded Objects now: 1609.
Total: 2.308400 ms (FindLiveObjects: 0.373200 ms CreateObjectMapping: 0.107000 ms MarkObjects: 1.736500 ms  DeleteObjects: 0.090800 ms)

========================================================================
Received Prepare
Reloading mono domain
Begin MonoManager ReloadAssembly
Registering precompiled unity dll's ...
Register platform support module: C:/Program Files/Unity2020/2020.2.0b8/Editor/Data/PlaybackEngines/WebGLSupport/UnityEditor.WebGL.Extensions.dll
Register platform support module: C:/Program Files/Unity2020/2020.2.0b8/Editor/Data/PlaybackEngines/WindowsStandaloneSupport/UnityEditor.WindowsStandalone.Extensions.dll
Registered in 0.001983 seconds.
Symbol file LoadedFromMemory doesn't match image D:\UnityAdsSupport\GitUnityAssessment\UnityAssessment_3\Library\PackageCache\com.unity.ext.nunit@1.0.0\net35\unity-custom\nunit.framework.dll
Native extension for WindowsStandalone target not found
Native extension for WebGL target not found
Refreshing native plugins compatible for Editor in 35.35 ms, found 0 plugins.
Preloading 0 native plugins for Editor in 0.00 ms.
Invoked RoslynAnalysisRunner static constructor.
RoslynAnalysisRunner will not be running.
RoslynAnalysisRunner has terminated.
Mono: successfully reloaded assembly
- Completed reload, in  0.856 seconds
Platform modules already initialized, skipping
Registering precompiled user dll's ...
Registered in 0.002284 seconds.
Begin MonoManager ReloadAssembly
Symbol file LoadedFromMemory doesn't match image D:\UnityAdsSupport\GitUnityAssessment\UnityAssessment_3\Library\PackageCache\com.unity.ext.nunit@1.0.0\net35\unity-custom\nunit.framework.dll
Native extension for WindowsStandalone target not found
Native extension for WebGL target not found
Refreshing native plugins compatible for Editor in 0.70 ms, found 0 plugins.
Preloading 0 native plugins for Editor in 0.00 ms.
Invoked RoslynAnalysisRunner static constructor.
RoslynAnalysisRunner will not be running.
RoslynAnalysisRunner has terminated.
Mono: successfully reloaded assembly
- Completed reload, in  0.839 seconds
Platform modules already initialized, skipping
Refreshing native plugins compatible for Editor in 0.56 ms, found 0 plugins.
Preloading 0 native plugins for Editor in 0.00 ms.
Unloading 80 Unused Serialized files (Serialized files now loaded: 0)
System memory in use before: 39.5 MB.
System memory in use after: 39.6 MB.

Unloading 76 unused Assets to reduce memory usage. Loaded Objects now: 1613.
Total: 2.265400 ms (FindLiveObjects: 0.287900 ms CreateObjectMapping: 0.073400 ms MarkObjects: 1.815000 ms  DeleteObjects: 0.088000 ms)

========================================================================
Received Import Request.
  Time since last request: 3399.290272 seconds.
  path: Assets/AndresFiles/Scripts/Controllers/InterstitialAd.cs
  artifactKey: Guid(2b8368b9558559149a59b9faeda383d2) Importer(815301076,1909f56bfc062723c751e8b465ee728b)
Start importing Assets/AndresFiles/Scripts/Controllers/InterstitialAd.cs using Guid(2b8368b9558559149a59b9faeda383d2) Importer(815301076,1909f56bfc062723c751e8b465ee728b)  -> (artifact id: '224c40d661556da8080007f97d78bb1c') in 0.006645 seconds
  Import took 0.010177 seconds .

========================================================================
Received Import Request.
  Time since last request: 0.000234 seconds.
  path: Assets/AndresFiles/Scripts/Controllers/RewardedAd.cs
  artifactKey: Guid(a0fca1604b5ee8640a1600eca27436b0) Importer(815301076,1909f56bfc062723c751e8b465ee728b)
Start importing Assets/AndresFiles/Scripts/Controllers/RewardedAd.cs using Guid(a0fca1604b5ee8640a1600eca27436b0) Importer(815301076,1909f56bfc062723c751e8b465ee728b)  -> (artifact id: 'b244bff4dd5c630d8f1bb93d789ddf7b') in 0.007594 seconds
  Import took 0.011947 seconds .

========================================================================
Received Import Request.
  Time since last request: 0.000211 seconds.
  path: Assets/AndresFiles/Scripts/Controllers/BannerAd.cs
  artifactKey: Guid(abcf22627e8793443b18984f196590c5) Importer(815301076,1909f56bfc062723c751e8b465ee728b)
Start importing Assets/AndresFiles/Scripts/Controllers/BannerAd.cs using Guid(abcf22627e8793443b18984f196590c5) Importer(815301076,1909f56bfc062723c751e8b465ee728b)  -> (artifact id: 'afd39b7dfece8bfa0129b41d0d572e36') in 0.007731 seconds
  Import took 0.010108 seconds .

AssetImportWorkerClient::OnTransportError - code=2 error=End of file
